<?xml version="1.0" encoding="UTF-8"?>
<testsuite name="com.volkruss.toaru.ToaruApplicationTests" tests="1" skipped="0" failures="0" errors="0" timestamp="2024-07-15T02:27:28" hostname="taiseiMacBook.local" time="0.075">
  <properties/>
  <testcase name="contextLoads()" classname="com.volkruss.toaru.ToaruApplicationTests" time="0.075"/>
  <system-out><![CDATA[11:27:26.962 [Test worker] DEBUG org.springframework.test.context.BootstrapUtils - Instantiating CacheAwareContextLoaderDelegate from class [org.springframework.test.context.cache.DefaultCacheAwareContextLoaderDelegate]
11:27:26.965 [Test worker] DEBUG org.springframework.test.context.BootstrapUtils - Instantiating BootstrapContext using constructor [public org.springframework.test.context.support.DefaultBootstrapContext(java.lang.Class,org.springframework.test.context.CacheAwareContextLoaderDelegate)]
11:27:26.975 [Test worker] DEBUG org.springframework.test.context.BootstrapUtils - Instantiating TestContextBootstrapper for test class [com.volkruss.toaru.ToaruApplicationTests] from class [org.springframework.boot.test.context.SpringBootTestContextBootstrapper]
11:27:26.978 [Test worker] INFO org.springframework.boot.test.context.SpringBootTestContextBootstrapper - Neither @ContextConfiguration nor @ContextHierarchy found for test class [com.volkruss.toaru.ToaruApplicationTests], using SpringBootContextLoader
11:27:26.979 [Test worker] DEBUG org.springframework.test.context.support.AbstractContextLoader - Did not detect default resource location for test class [com.volkruss.toaru.ToaruApplicationTests]: class path resource [com/volkruss/toaru/ToaruApplicationTests-context.xml] does not exist
11:27:26.979 [Test worker] DEBUG org.springframework.test.context.support.AbstractContextLoader - Did not detect default resource location for test class [com.volkruss.toaru.ToaruApplicationTests]: class path resource [com/volkruss/toaru/ToaruApplicationTestsContext.groovy] does not exist
11:27:26.979 [Test worker] INFO org.springframework.test.context.support.AbstractContextLoader - Could not detect default resource locations for test class [com.volkruss.toaru.ToaruApplicationTests]: no resource found for suffixes {-context.xml, Context.groovy}.
11:27:26.979 [Test worker] INFO org.springframework.test.context.support.AnnotationConfigContextLoaderUtils - Could not detect default configuration classes for test class [com.volkruss.toaru.ToaruApplicationTests]: ToaruApplicationTests does not declare any static, non-private, non-final, nested classes annotated with @Configuration.
11:27:26.991 [Test worker] DEBUG org.springframework.test.context.support.ActiveProfilesUtils - Could not find an 'annotation declaring class' for annotation type [org.springframework.test.context.ActiveProfiles] and class [com.volkruss.toaru.ToaruApplicationTests]
11:27:27.010 [Test worker] DEBUG org.springframework.context.annotation.ClassPathScanningCandidateComponentProvider - Identified candidate component class: file [/Users/furukawataisei/Develop/MySite2/build/classes/java/main/com/volkruss/toaru/ToaruApplication.class]
11:27:27.010 [Test worker] INFO org.springframework.boot.test.context.SpringBootTestContextBootstrapper - Found @SpringBootConfiguration com.volkruss.toaru.ToaruApplication for test class com.volkruss.toaru.ToaruApplicationTests
11:27:27.036 [Test worker] DEBUG org.springframework.boot.test.context.SpringBootTestContextBootstrapper - @TestExecutionListeners is not present for class [com.volkruss.toaru.ToaruApplicationTests]: using defaults.
11:27:27.036 [Test worker] INFO org.springframework.boot.test.context.SpringBootTestContextBootstrapper - Loaded default TestExecutionListener class names from location [META-INF/spring.factories]: [org.springframework.boot.test.autoconfigure.restdocs.RestDocsTestExecutionListener, org.springframework.boot.test.autoconfigure.web.client.MockRestServiceServerResetTestExecutionListener, org.springframework.boot.test.autoconfigure.web.servlet.MockMvcPrintOnlyOnFailureTestExecutionListener, org.springframework.boot.test.autoconfigure.web.servlet.WebDriverTestExecutionListener, org.springframework.boot.test.autoconfigure.webservices.client.MockWebServiceServerTestExecutionListener, org.springframework.boot.test.mock.mockito.MockitoTestExecutionListener, org.springframework.boot.test.mock.mockito.ResetMocksTestExecutionListener, org.springframework.test.context.web.ServletTestExecutionListener, org.springframework.test.context.support.DirtiesContextBeforeModesTestExecutionListener, org.springframework.test.context.event.ApplicationEventsTestExecutionListener, org.springframework.test.context.support.DependencyInjectionTestExecutionListener, org.springframework.test.context.support.DirtiesContextTestExecutionListener, org.springframework.test.context.transaction.TransactionalTestExecutionListener, org.springframework.test.context.jdbc.SqlScriptsTestExecutionListener, org.springframework.test.context.event.EventPublishingTestExecutionListener]
11:27:27.041 [Test worker] INFO org.springframework.boot.test.context.SpringBootTestContextBootstrapper - Using TestExecutionListeners: [org.springframework.test.context.web.ServletTestExecutionListener@53f48368, org.springframework.test.context.support.DirtiesContextBeforeModesTestExecutionListener@24d4d7c9, org.springframework.test.context.event.ApplicationEventsTestExecutionListener@f0e995e, org.springframework.boot.test.mock.mockito.MockitoTestExecutionListener@4c37b5b, org.springframework.boot.test.autoconfigure.SpringBootDependencyInjectionTestExecutionListener@73db4768, org.springframework.test.context.support.DirtiesContextTestExecutionListener@71b3bc45, org.springframework.test.context.transaction.TransactionalTestExecutionListener@a8c1f44, org.springframework.test.context.jdbc.SqlScriptsTestExecutionListener@150ab4ed, org.springframework.test.context.event.EventPublishingTestExecutionListener@3c435123, org.springframework.boot.test.autoconfigure.restdocs.RestDocsTestExecutionListener@50fe837a, org.springframework.boot.test.autoconfigure.web.client.MockRestServiceServerResetTestExecutionListener@3a62c01e, org.springframework.boot.test.autoconfigure.web.servlet.MockMvcPrintOnlyOnFailureTestExecutionListener@7a8fa663, org.springframework.boot.test.autoconfigure.web.servlet.WebDriverTestExecutionListener@5ce33a58, org.springframework.boot.test.autoconfigure.webservices.client.MockWebServiceServerTestExecutionListener@78a287ed, org.springframework.boot.test.mock.mockito.ResetMocksTestExecutionListener@546ccad7]
11:27:27.043 [Test worker] DEBUG org.springframework.test.context.support.AbstractDirtiesContextTestExecutionListener - Before test class: context [DefaultTestContext@553f1d75 testClass = ToaruApplicationTests, testInstance = [null], testMethod = [null], testException = [null], mergedContextConfiguration = [WebMergedContextConfiguration@6e1d8f9e testClass = ToaruApplicationTests, locations = '{}', classes = '{class com.volkruss.toaru.ToaruApplication}', contextInitializerClasses = '[]', activeProfiles = '{}', propertySourceLocations = '{}', propertySourceProperties = '{org.springframework.boot.test.context.SpringBootTestContextBootstrapper=true}', contextCustomizers = set[org.springframework.boot.test.autoconfigure.actuate.metrics.MetricsExportContextCustomizerFactory$DisableMetricExportContextCustomizer@12d2ce03, org.springframework.boot.test.autoconfigure.properties.PropertyMappingContextCustomizer@0, org.springframework.boot.test.autoconfigure.web.servlet.WebDriverContextCustomizerFactory$Customizer@21ba0741, org.springframework.boot.test.context.filter.ExcludeFilterContextCustomizer@b4711e2, org.springframework.boot.test.json.DuplicateJsonObjectContextCustomizerFactory$DuplicateJsonObjectContextCustomizer@62010f5c, org.springframework.boot.test.mock.mockito.MockitoContextCustomizer@0, org.springframework.boot.test.web.client.TestRestTemplateContextCustomizer@67545b57, org.springframework.boot.test.context.SpringBootTestArgs@1, org.springframework.boot.test.context.SpringBootTestWebEnvironment@6db9f5a4], resourceBasePath = 'src/main/webapp', contextLoader = 'org.springframework.boot.test.context.SpringBootContextLoader', parent = [null]], attributes = map['org.springframework.test.context.web.ServletTestExecutionListener.activateListener' -> true]], class annotated with @DirtiesContext [false] with mode [null].

  .   ____          _            __ _ _
 /\\ / ___'_ __ _ _(_)_ __  __ _ \ \ \ \
( ( )\___ | '_ | '_| | '_ \/ _` | \ \ \ \
 \\/  ___)| |_)| | | | | || (_| |  ) ) ) )
  '  |____| .__|_| |_|_| |_\__, | / / / /
 =========|_|==============|___/=/_/_/_/
 :: Spring Boot ::                (v2.6.6)

2024-07-15 11:27:27.149  INFO 36816 --- [    Test worker] c.volkruss.toaru.ToaruApplicationTests   : Starting ToaruApplicationTests using Java 17.0.11 on taiseiMacBook.local with PID 36816 (started by furukawataisei in /Users/furukawataisei/Develop/MySite2)
2024-07-15 11:27:27.150  INFO 36816 --- [    Test worker] c.volkruss.toaru.ToaruApplicationTests   : No active profile set, falling back to 1 default profile: "default"
2024-07-15 11:27:27.337  INFO 36816 --- [    Test worker] .s.d.r.c.RepositoryConfigurationDelegate : Bootstrapping Spring Data JPA repositories in DEFAULT mode.
2024-07-15 11:27:27.346  INFO 36816 --- [    Test worker] .s.d.r.c.RepositoryConfigurationDelegate : Finished Spring Data repository scanning in 5 ms. Found 0 JPA repository interfaces.
2024-07-15 11:27:27.475  INFO 36816 --- [    Test worker] com.zaxxer.hikari.HikariDataSource       : HikariPool-1 - Starting...
2024-07-15 11:27:27.573  INFO 36816 --- [    Test worker] com.zaxxer.hikari.HikariDataSource       : HikariPool-1 - Start completed.
2024-07-15 11:27:27.637  INFO 36816 --- [    Test worker] o.hibernate.jpa.internal.util.LogHelper  : HHH000204: Processing PersistenceUnitInfo [name: default]
2024-07-15 11:27:27.652  INFO 36816 --- [    Test worker] org.hibernate.Version                    : HHH000412: Hibernate ORM core version 5.6.7.Final
2024-07-15 11:27:27.701  INFO 36816 --- [    Test worker] o.hibernate.annotations.common.Version   : HCANN000001: Hibernate Commons Annotations {5.1.2.Final}
2024-07-15 11:27:27.737  INFO 36816 --- [    Test worker] org.hibernate.dialect.Dialect            : HHH000400: Using dialect: org.hibernate.dialect.H2Dialect
2024-07-15 11:27:27.789  INFO 36816 --- [    Test worker] o.h.e.t.j.p.i.JtaPlatformInitiator       : HHH000490: Using JtaPlatform implementation: [org.hibernate.engine.transaction.jta.platform.internal.NoJtaPlatform]
2024-07-15 11:27:27.792  INFO 36816 --- [    Test worker] j.LocalContainerEntityManagerFactoryBean : Initialized JPA EntityManagerFactory for persistence unit 'default'
2024-07-15 11:27:27.903  WARN 36816 --- [    Test worker] JpaBaseConfiguration$JpaWebConfiguration : spring.jpa.open-in-view is enabled by default. Therefore, database queries may be performed during view rendering. Explicitly configure spring.jpa.open-in-view to disable this warning
2024-07-15 11:27:27.971  INFO 36816 --- [    Test worker] o.s.s.web.DefaultSecurityFilterChain     : Will not secure any request
2024-07-15 11:27:28.199  INFO 36816 --- [    Test worker] c.volkruss.toaru.ToaruApplicationTests   : Started ToaruApplicationTests in 1.144 seconds (JVM running for 1.561)
]]></system-out>
  <system-err><![CDATA[]]></system-err>
</testsuite>
