<?xml version="1.0" encoding="UTF-8"?>
<testsuite name="com.volkruss.toaru.domain.repository.stock.StockRepositoryTest" tests="1" skipped="0" failures="0" errors="0" timestamp="2024-07-15T02:27:28" hostname="taiseiMacBook.local" time="0.024">
  <properties/>
  <testcase name="test_duplicates_are_not_registered()" classname="com.volkruss.toaru.domain.repository.stock.StockRepositoryTest" time="0.024"/>
  <system-out><![CDATA[2024-07-15 11:27:28.280  INFO 36816 --- [    Test worker] .b.t.c.SpringBootTestContextBootstrapper : Neither @ContextConfiguration nor @ContextHierarchy found for test class [com.volkruss.toaru.domain.repository.stock.StockRepositoryTest], using SpringBootContextLoader
2024-07-15 11:27:28.280  INFO 36816 --- [    Test worker] o.s.t.c.support.AbstractContextLoader    : Could not detect default resource locations for test class [com.volkruss.toaru.domain.repository.stock.StockRepositoryTest]: no resource found for suffixes {-context.xml, Context.groovy}.
2024-07-15 11:27:28.280  INFO 36816 --- [    Test worker] t.c.s.AnnotationConfigContextLoaderUtils : Could not detect default configuration classes for test class [com.volkruss.toaru.domain.repository.stock.StockRepositoryTest]: StockRepositoryTest does not declare any static, non-private, non-final, nested classes annotated with @Configuration.
2024-07-15 11:27:28.283  INFO 36816 --- [    Test worker] .b.t.c.SpringBootTestContextBootstrapper : Found @SpringBootConfiguration com.volkruss.toaru.ToaruApplication for test class com.volkruss.toaru.domain.repository.stock.StockRepositoryTest
2024-07-15 11:27:28.283  INFO 36816 --- [    Test worker] .b.t.c.SpringBootTestContextBootstrapper : Loaded default TestExecutionListener class names from location [META-INF/spring.factories]: [org.springframework.boot.test.autoconfigure.restdocs.RestDocsTestExecutionListener, org.springframework.boot.test.autoconfigure.web.client.MockRestServiceServerResetTestExecutionListener, org.springframework.boot.test.autoconfigure.web.servlet.MockMvcPrintOnlyOnFailureTestExecutionListener, org.springframework.boot.test.autoconfigure.web.servlet.WebDriverTestExecutionListener, org.springframework.boot.test.autoconfigure.webservices.client.MockWebServiceServerTestExecutionListener, org.springframework.boot.test.mock.mockito.MockitoTestExecutionListener, org.springframework.boot.test.mock.mockito.ResetMocksTestExecutionListener, org.springframework.test.context.web.ServletTestExecutionListener, org.springframework.test.context.support.DirtiesContextBeforeModesTestExecutionListener, org.springframework.test.context.event.ApplicationEventsTestExecutionListener, org.springframework.test.context.support.DependencyInjectionTestExecutionListener, org.springframework.test.context.support.DirtiesContextTestExecutionListener, org.springframework.test.context.transaction.TransactionalTestExecutionListener, org.springframework.test.context.jdbc.SqlScriptsTestExecutionListener, org.springframework.test.context.event.EventPublishingTestExecutionListener]
2024-07-15 11:27:28.283  INFO 36816 --- [    Test worker] .b.t.c.SpringBootTestContextBootstrapper : Using TestExecutionListeners: [org.springframework.test.context.web.ServletTestExecutionListener@2053b761, org.springframework.test.context.support.DirtiesContextBeforeModesTestExecutionListener@34588991, org.springframework.test.context.event.ApplicationEventsTestExecutionListener@3d01b609, org.springframework.boot.test.mock.mockito.MockitoTestExecutionListener@38b7004d, org.springframework.boot.test.autoconfigure.SpringBootDependencyInjectionTestExecutionListener@5e25085, org.springframework.test.context.support.DirtiesContextTestExecutionListener@758655a9, org.springframework.test.context.transaction.TransactionalTestExecutionListener@458704ee, org.springframework.test.context.jdbc.SqlScriptsTestExecutionListener@45b2d17b, org.springframework.test.context.event.EventPublishingTestExecutionListener@5243d730, org.springframework.boot.test.autoconfigure.restdocs.RestDocsTestExecutionListener@15afebcc, org.springframework.boot.test.autoconfigure.web.client.MockRestServiceServerResetTestExecutionListener@68722de3, org.springframework.boot.test.autoconfigure.web.servlet.MockMvcPrintOnlyOnFailureTestExecutionListener@3b18009f, org.springframework.boot.test.autoconfigure.web.servlet.WebDriverTestExecutionListener@77aeba9b, org.springframework.boot.test.autoconfigure.webservices.client.MockWebServiceServerTestExecutionListener@1db5de29, org.springframework.boot.test.mock.mockito.ResetMocksTestExecutionListener@64d1f549]
]]></system-out>
  <system-err><![CDATA[]]></system-err>
</testsuite>
