<?xml version="1.0" encoding="UTF-8"?>
<testsuite name="com.volkruss.toaru.domain.repository.user.UserRepositoryTest" tests="2" skipped="0" failures="0" errors="0" timestamp="2024-07-15T02:27:28" hostname="taiseiMacBook.local" time="0.005">
  <properties/>
  <testcase name="test_findByName()" classname="com.volkruss.toaru.domain.repository.user.UserRepositoryTest" time="0.002"/>
  <testcase name="test_update()" classname="com.volkruss.toaru.domain.repository.user.UserRepositoryTest" time="0.002"/>
  <system-out><![CDATA[2024-07-15 11:27:28.310  INFO 36816 --- [    Test worker] .b.t.c.SpringBootTestContextBootstrapper : Neither @ContextConfiguration nor @ContextHierarchy found for test class [com.volkruss.toaru.domain.repository.user.UserRepositoryTest], using SpringBootContextLoader
2024-07-15 11:27:28.310  INFO 36816 --- [    Test worker] o.s.t.c.support.AbstractContextLoader    : Could not detect default resource locations for test class [com.volkruss.toaru.domain.repository.user.UserRepositoryTest]: no resource found for suffixes {-context.xml, Context.groovy}.
2024-07-15 11:27:28.310  INFO 36816 --- [    Test worker] t.c.s.AnnotationConfigContextLoaderUtils : Could not detect default configuration classes for test class [com.volkruss.toaru.domain.repository.user.UserRepositoryTest]: UserRepositoryTest does not declare any static, non-private, non-final, nested classes annotated with @Configuration.
2024-07-15 11:27:28.313  INFO 36816 --- [    Test worker] .b.t.c.SpringBootTestContextBootstrapper : Found @SpringBootConfiguration com.volkruss.toaru.ToaruApplication for test class com.volkruss.toaru.domain.repository.user.UserRepositoryTest
2024-07-15 11:27:28.314  INFO 36816 --- [    Test worker] .b.t.c.SpringBootTestContextBootstrapper : Loaded default TestExecutionListener class names from location [META-INF/spring.factories]: [org.springframework.boot.test.autoconfigure.restdocs.RestDocsTestExecutionListener, org.springframework.boot.test.autoconfigure.web.client.MockRestServiceServerResetTestExecutionListener, org.springframework.boot.test.autoconfigure.web.servlet.MockMvcPrintOnlyOnFailureTestExecutionListener, org.springframework.boot.test.autoconfigure.web.servlet.WebDriverTestExecutionListener, org.springframework.boot.test.autoconfigure.webservices.client.MockWebServiceServerTestExecutionListener, org.springframework.boot.test.mock.mockito.MockitoTestExecutionListener, org.springframework.boot.test.mock.mockito.ResetMocksTestExecutionListener, org.springframework.test.context.web.ServletTestExecutionListener, org.springframework.test.context.support.DirtiesContextBeforeModesTestExecutionListener, org.springframework.test.context.event.ApplicationEventsTestExecutionListener, org.springframework.test.context.support.DependencyInjectionTestExecutionListener, org.springframework.test.context.support.DirtiesContextTestExecutionListener, org.springframework.test.context.transaction.TransactionalTestExecutionListener, org.springframework.test.context.jdbc.SqlScriptsTestExecutionListener, org.springframework.test.context.event.EventPublishingTestExecutionListener]
2024-07-15 11:27:28.314  INFO 36816 --- [    Test worker] .b.t.c.SpringBootTestContextBootstrapper : Using TestExecutionListeners: [org.springframework.test.context.web.ServletTestExecutionListener@6b35b0f4, org.springframework.test.context.support.DirtiesContextBeforeModesTestExecutionListener@2cf669f2, org.springframework.test.context.event.ApplicationEventsTestExecutionListener@1dd6e400, org.springframework.boot.test.mock.mockito.MockitoTestExecutionListener@3fe11091, org.springframework.boot.test.autoconfigure.SpringBootDependencyInjectionTestExecutionListener@7995a589, org.springframework.test.context.support.DirtiesContextTestExecutionListener@66b3eab0, org.springframework.test.context.transaction.TransactionalTestExecutionListener@4c6fe482, org.springframework.test.context.jdbc.SqlScriptsTestExecutionListener@7bbd0006, org.springframework.test.context.event.EventPublishingTestExecutionListener@2fd05b15, org.springframework.boot.test.autoconfigure.restdocs.RestDocsTestExecutionListener@564fc235, org.springframework.boot.test.autoconfigure.web.client.MockRestServiceServerResetTestExecutionListener@65b7678a, org.springframework.boot.test.autoconfigure.web.servlet.MockMvcPrintOnlyOnFailureTestExecutionListener@7699e60a, org.springframework.boot.test.autoconfigure.web.servlet.WebDriverTestExecutionListener@5bbc033f, org.springframework.boot.test.autoconfigure.webservices.client.MockWebServiceServerTestExecutionListener@734a2c17, org.springframework.boot.test.mock.mockito.ResetMocksTestExecutionListener@2d1f9ec3]
]]></system-out>
  <system-err><![CDATA[]]></system-err>
</testsuite>
